<?xml version="1.0" encoding="UTF-8"?>
<!-- Generated by org.testng.reporters.JUnitReportReporter -->
<testsuite hostname="one-konnect-LT181" failures="0" tests="1" name="tests.testbase" time="3.035" errors="0" timestamp="2023-11-28T16:32:59 PST" skipped="0">
  <testcase classname="tests.testbase" name="statrdriver" time="3.035"/>
</testsuite> <!-- tests.testbase -->
