<?xml version="1.0" encoding="UTF-8"?>
<!-- Generated by org.testng.reporters.JUnitReportReporter -->
<testsuite hostname="one-konnect-LT181" failures="0" tests="2" name="runner.TestRunner" time="40.179" errors="0" timestamp="2023-12-01T04:07:21 EET" skipped="0">
  <testcase classname="runner.TestRunner" name="runScenario" time="20.067"/>
  <testcase classname="runner.TestRunner" name="runScenario" time="20.112"/>
</testsuite> <!-- runner.TestRunner -->
