<?xml version="1.0" encoding="UTF-8"?>
<!-- Generated by org.testng.reporters.JUnitReportReporter -->
<testsuite hostname="one-konnect-LT181" failures="0" tests="1" name="tests.NavigateToBakeryPage" time="1.399" errors="0" timestamp="2023-11-30T20:15:30 EET" skipped="0">
  <testcase classname="tests.NavigateToBakeryPage" name="NavigateToBakery" time="1.399"/>
</testsuite> <!-- tests.NavigateToBakeryPage -->
