<?xml version="1.0" encoding="UTF-8"?>
<!-- Generated by org.testng.reporters.JUnitReportReporter -->
<testsuite hostname="one-konnect-LT181" failures="0" tests="1" name="tests.loginTC" time="14.686" errors="0" timestamp="2023-11-30T20:15:30 EET" skipped="0">
  <testcase classname="tests.loginTC" name="logintoJUMIA" time="14.686"/>
</testsuite> <!-- tests.loginTC -->
