<?xml version="1.0" encoding="UTF-8"?>
<!-- Generated by org.testng.reporters.JUnitReportReporter -->
<testsuite hostname="one-konnect-LT181" failures="0" tests="1" name="tests.addtocartbakery" time="9.360" errors="0" timestamp="2023-11-30T20:15:30 EET" skipped="0">
  <testcase classname="tests.addtocartbakery" name="addbakery" time="9.360"/>
</testsuite> <!-- tests.addtocartbakery -->
